2022-05-24T17:12:39.423 DC - User connected successfully
2022-05-24T17:12:39.431 User logged in successfully
2022-05-24T17:16:00.634 DC - Mail with details sent to mail stavk@post.bgu.ac.il
2022-05-24T17:16:01.413 DC - Referee Stav Keidar registered successfully
2022-05-24T17:16:10.757 SC - Referee registered successfully
2022-05-24T17:16:17.645 DC - Game assigned successfully
2022-05-24T17:16:17.646 SC - Game placement successfully
2022-05-24T17:16:19.232 DC - User connected successfully
2022-05-24T17:16:19.232 User logged in successfully
2022-05-24T17:16:19.233 SC - The current user danah has no permission
2022-05-24T17:16:19.335 DC - User connected successfully
2022-05-24T17:16:19.336 User logged in successfully
2022-05-24T17:17:42.966 DC - Mail with details sent to mail stavk@post.bgu.ac.il
2022-05-24T17:17:42.967 DC - Referee Stav Keidar registered successfully
2022-05-24T17:17:42.967 SC - Referee registered successfully
2022-05-24T17:17:44.904 DC - User connected successfully
2022-05-24T17:17:44.911 User logged in successfully
2022-05-24T17:17:44.915 DC - Mail with details sent to mail stavk@post.bgu.ac.il
2022-05-24T17:17:44.916 DC - Referee Stav Keidar registered successfully
2022-05-24T17:17:44.916 SC - Referee registered successfully
2022-05-24T17:17:44.931 DC - Game assigned successfully
2022-05-24T17:17:44.931 SC - Game placement successfully
2022-05-24T17:17:44.956 DC - User connected successfully
2022-05-24T17:17:44.957 User logged in successfully
2022-05-24T17:17:44.957 SC - The current user danah has no permission
2022-05-24T17:17:44.963 DC - User connected successfully
2022-05-24T17:17:44.963 User logged in successfully
2022-05-24T17:17:44.964 email stavk@post.bgu.ac.il already exist
2022-05-24T17:17:44.964 SC - Registered referee didn't success
2022-05-24T17:23:16.641 DC - User connected successfully
2022-05-24T17:23:16.648 User logged in successfully
2022-05-24T17:23:16.651 email stavk@post.bgu.ac.il already exist
2022-05-24T17:23:16.651 SC - Registered referee didn't success
2022-05-24T17:23:16.659 DC - User connected successfully
2022-05-24T17:23:16.659 User logged in successfully
2022-05-24T17:23:16.660 SC - The current user danah has no permission
2022-05-24T17:23:16.665 DC - User connected successfully
2022-05-24T17:23:16.666 User logged in successfully
2022-05-24T17:23:16.670 email stavk@post.bgu.ac.il already exist
2022-05-24T17:23:16.671 SC - Registered referee didn't success
2022-05-24T17:23:16.675 DC - User connected successfully
2022-05-24T17:23:16.676 User logged in successfully
2022-05-24T17:23:16.680 DC - game game2 already exist
2022-05-24T17:23:16.681 SC - Game placement didn't success
2022-05-24T17:23:23.730 DC - User connected successfully
2022-05-24T17:23:23.736 User logged in successfully
2022-05-24T17:23:23.738 email stavk@post.bgu.ac.il already exist
2022-05-24T17:23:23.738 SC - Registered referee didn't success
2022-05-24T17:23:23.749 DC - User connected successfully
2022-05-24T17:23:23.750 User logged in successfully
2022-05-24T17:23:23.750 SC - The current user danah has no permission
2022-05-24T17:23:23.755 DC - User connected successfully
2022-05-24T17:23:23.755 User logged in successfully
2022-05-24T17:23:23.757 email stavk@post.bgu.ac.il already exist
2022-05-24T17:23:23.761 SC - Registered referee didn't success
2022-05-24T17:23:23.766 DC - User connected successfully
2022-05-24T17:23:23.766 User logged in successfully
2022-05-24T17:23:23.771 DC - game game2 already exist
2022-05-24T17:23:23.771 SC - Game placement didn't success
2022-05-24T17:24:11.803 DC - User connected successfully
2022-05-24T17:24:11.809 User logged in successfully
2022-05-24T17:24:11.810 email stavk@post.bgu.ac.il already exist
2022-05-24T17:24:11.811 SC - Registered referee didn't success
2022-05-24T17:24:36.305 DC - User connected successfully
2022-05-24T17:24:36.314 User logged in successfully
2022-05-24T17:24:41.362 email stavk@post.bgu.ac.il already exist
2022-05-24T17:24:48.055 SC - Registered referee didn't success
2022-05-24T17:24:49.920 DC - User connected successfully
2022-05-24T17:24:49.927 User logged in successfully
2022-05-24T17:25:02.513 email stavk@post.bgu.ac.il already exist
2022-05-24T17:25:44.790 DC - User connected successfully
2022-05-24T17:25:44.797 User logged in successfully
2022-05-24T17:25:44.802 DC - Mail with details sent to mail stavk@post.bgu.ac.il
2022-05-24T17:25:44.802 DC - Referee Stav Keidar registered successfully
2022-05-24T17:25:44.803 SC - Referee registered successfully
2022-05-24T17:25:44.822 SC - Game placement didn't success
2022-05-24T17:25:44.846 DC - User connected successfully
2022-05-24T17:25:44.847 User logged in successfully
2022-05-24T17:25:44.847 SC - The current user danah has no permission
2022-05-24T17:25:44.867 DC - User connected successfully
2022-05-24T17:25:44.867 User logged in successfully
2022-05-24T17:25:44.870 DC - Mail with details sent to mail stavk@post.bgu.ac.il
2022-05-24T17:25:44.870 DC - Referee Stav Keidar registered successfully
2022-05-24T17:25:44.870 SC - Referee registered successfully
2022-05-24T17:25:44.891 DC - User connected successfully
2022-05-24T17:25:44.891 User logged in successfully
2022-05-24T17:25:44.892 DC - game game2 already exist
2022-05-24T17:25:44.893 SC - Game placement didn't success
2022-05-24T17:26:09.389 DC - User connected successfully
2022-05-24T17:26:09.396 User logged in successfully
2022-05-24T17:26:09.425 DC - Mail with details sent to mail stavk@post.bgu.ac.il
2022-05-24T17:26:09.425 DC - Referee Stav Keidar registered successfully
2022-05-24T17:26:09.425 SC - Referee registered successfully
2022-05-24T17:26:09.446 SC - Game placement didn't success
2022-05-24T17:26:09.453 DC - User connected successfully
2022-05-24T17:26:09.453 User logged in successfully
2022-05-24T17:26:09.454 SC - The current user danah has no permission
2022-05-24T17:26:09.457 DC - User connected successfully
2022-05-24T17:26:09.458 User logged in successfully
2022-05-24T17:26:09.459 email stavk@post.bgu.ac.il already exist
2022-05-24T17:26:09.460 SC - Registered referee didn't success
2022-05-24T17:26:09.463 DC - User connected successfully
2022-05-24T17:26:09.464 User logged in successfully
2022-05-24T17:26:09.465 DC - game game2 already exist
2022-05-24T17:26:09.465 SC - Game placement didn't success
2022-05-24T17:26:31.260 DC - User connected successfully
2022-05-24T17:26:31.269 User logged in successfully
2022-05-24T17:26:31.271 email stavk@post.bgu.ac.il already exist
2022-05-24T17:26:31.271 SC - Registered referee didn't success
2022-05-24T17:26:31.280 DC - User connected successfully
2022-05-24T17:26:31.281 User logged in successfully
2022-05-24T17:26:31.281 SC - The current user danah has no permission
2022-05-24T17:26:31.284 DC - User connected successfully
2022-05-24T17:26:31.284 User logged in successfully
2022-05-24T17:26:31.285 email stavk@post.bgu.ac.il already exist
2022-05-24T17:26:31.286 SC - Registered referee didn't success
2022-05-24T17:26:31.289 DC - User connected successfully
2022-05-24T17:26:31.289 User logged in successfully
2022-05-24T17:26:31.294 DC - game game2 already exist
2022-05-24T17:26:31.294 SC - Game placement didn't success
2022-05-24T17:26:39.654 DC - User connected successfully
2022-05-24T17:26:39.661 User logged in successfully
2022-05-24T17:26:39.663 email stavk@post.bgu.ac.il already exist
2022-05-24T17:26:39.663 SC - Registered referee didn't success
2022-05-24T17:26:39.672 DC - User connected successfully
2022-05-24T17:26:39.672 User logged in successfully
2022-05-24T17:26:39.672 SC - The current user danah has no permission
2022-05-24T17:26:39.676 DC - User connected successfully
2022-05-24T17:26:39.676 User logged in successfully
2022-05-24T17:26:39.677 email stavk@post.bgu.ac.il already exist
2022-05-24T17:26:39.678 SC - Registered referee didn't success
2022-05-24T17:26:39.681 DC - User connected successfully
2022-05-24T17:26:39.681 User logged in successfully
2022-05-24T17:26:39.689 DC - game game2 already exist
2022-05-24T17:26:39.690 SC - Game placement didn't success
2022-05-24T17:27:11.569 DC - User connected successfully
2022-05-24T17:27:11.576 User logged in successfully
2022-05-24T17:27:11.578 email stavk@post.bgu.ac.il already exist
2022-05-24T17:27:11.578 SC - Registered referee didn't success
2022-05-24T17:27:11.587 DC - User connected successfully
2022-05-24T17:27:11.587 User logged in successfully
2022-05-24T17:27:11.587 SC - The current user danah has no permission
2022-05-24T17:27:11.591 DC - User connected successfully
2022-05-24T17:27:11.591 User logged in successfully
2022-05-24T17:27:11.593 email stavk@post.bgu.ac.il already exist
2022-05-24T17:27:11.593 SC - Registered referee didn't success
2022-05-24T17:27:11.601 DC - User connected successfully
2022-05-24T17:27:11.601 User logged in successfully
2022-05-24T17:27:11.607 DC - game game2 already exist
2022-05-24T17:27:11.608 SC - Game placement didn't success
2022-05-24T17:27:34.005 SC - Registered referee didn't success
2022-05-24T17:27:35.815 DC - User connected successfully
2022-05-24T17:27:35.821 User logged in successfully
2022-05-24T17:27:35.824 email stavk@post.bgu.ac.il already exist
2022-05-24T17:27:35.824 SC - Registered referee didn't success
2022-05-24T17:28:38.431 DC - User connected successfully
2022-05-24T17:28:38.438 User logged in successfully
2022-05-24T17:28:38.440 email stavk@post.bgu.ac.il already exist
2022-05-24T17:28:38.440 SC - Registered referee didn't success
2022-05-24T17:28:38.448 DC - User connected successfully
2022-05-24T17:28:38.448 User logged in successfully
2022-05-24T17:28:38.448 SC - The current user danah has no permission
2022-05-24T17:28:38.452 DC - User connected successfully
2022-05-24T17:28:38.452 User logged in successfully
2022-05-24T17:28:38.454 email stavk@post.bgu.ac.il already exist
2022-05-24T17:28:38.454 SC - Registered referee didn't success
2022-05-24T17:28:38.458 DC - User connected successfully
2022-05-24T17:28:38.458 User logged in successfully
2022-05-24T17:28:38.463 DC - game game2 already exist
2022-05-24T17:28:38.463 SC - Game placement didn't success
2022-05-24T17:29:05.928 DC - User connected successfully
2022-05-24T17:29:05.934 User logged in successfully
2022-05-24T17:29:05.936 email stavk@post.bgu.ac.il already exist
2022-05-24T17:29:05.937 SC - Registered referee didn't success
2022-05-24T17:29:05.947 DC - User connected successfully
2022-05-24T17:29:05.947 User logged in successfully
2022-05-24T17:29:05.947 SC - The current user danah has no permission
2022-05-24T17:29:05.950 DC - User connected successfully
2022-05-24T17:29:05.951 User logged in successfully
2022-05-24T17:29:05.952 email stavk@post.bgu.ac.il already exist
2022-05-24T17:29:05.952 SC - Registered referee didn't success
2022-05-24T17:29:05.959 DC - User connected successfully
2022-05-24T17:29:05.959 User logged in successfully
2022-05-24T17:29:05.965 DC - game game2 already exist
2022-05-24T17:29:05.965 SC - Game placement didn't success
2022-05-24T17:29:25.488 DC - User connected successfully
2022-05-24T17:29:25.496 User logged in successfully
2022-05-24T17:29:25.497 email stavk@post.bgu.ac.il already exist
2022-05-24T17:29:25.499 SC - Registered referee didn't success
2022-05-24T17:29:25.507 DC - User connected successfully
2022-05-24T17:29:25.508 User logged in successfully
2022-05-24T17:29:25.508 SC - The current user danah has no permission
2022-05-24T17:29:25.511 DC - User connected successfully
2022-05-24T17:29:25.511 User logged in successfully
2022-05-24T17:29:25.512 email stavk@post.bgu.ac.il already exist
2022-05-24T17:29:25.512 SC - Registered referee didn't success
2022-05-24T17:29:25.516 DC - User connected successfully
2022-05-24T17:29:25.516 User logged in successfully
2022-05-24T17:29:25.521 DC - game game2 already exist
2022-05-24T17:29:25.521 SC - Game placement didn't success
2022-05-24T17:29:45.387 DC - User connected successfully
2022-05-24T17:29:45.393 User logged in successfully
2022-05-24T17:29:45.395 email stavk@post.bgu.ac.il already exist
2022-05-24T17:29:45.395 SC - Registered referee didn't success
2022-05-24T17:29:45.404 DC - User connected successfully
2022-05-24T17:29:45.405 User logged in successfully
2022-05-24T17:29:45.405 SC - The current user danah has no permission
2022-05-24T17:29:45.409 DC - User connected successfully
2022-05-24T17:29:45.410 User logged in successfully
2022-05-24T17:29:45.410 email stavk@post.bgu.ac.il already exist
2022-05-24T17:29:45.411 SC - Registered referee didn't success
2022-05-24T17:30:50.447 DC - User connected successfully
2022-05-24T17:30:50.454 User logged in successfully
2022-05-24T17:30:50.456 email stavk@post.bgu.ac.il already exist
2022-05-24T17:30:50.456 SC - Registered referee didn't success
2022-05-24T17:30:50.466 DC - User connected successfully
2022-05-24T17:30:50.466 User logged in successfully
2022-05-24T17:30:50.466 SC - The current user danah has no permission
2022-05-24T17:30:50.471 DC - User connected successfully
2022-05-24T17:30:50.471 User logged in successfully
2022-05-24T17:30:50.473 email stavk@post.bgu.ac.il already exist
2022-05-24T17:30:50.473 SC - Registered referee didn't success
2022-05-24T17:31:18.783 DC - User connected successfully
2022-05-24T17:31:18.790 User logged in successfully
2022-05-24T17:31:18.792 email stavk@post.bgu.ac.il already exist
2022-05-24T17:31:18.793 SC - Registered referee didn't success
2022-05-24T17:31:18.802 DC - User connected successfully
2022-05-24T17:31:18.803 User logged in successfully
2022-05-24T17:31:18.803 SC - The current user danah has no permission
2022-05-24T17:31:18.806 DC - User connected successfully
2022-05-24T17:31:18.807 User logged in successfully
2022-05-24T17:31:18.808 email stavk@post.bgu.ac.il already exist
2022-05-24T17:31:18.808 SC - Registered referee didn't success
2022-05-24T17:31:40.762 DC - User connected successfully
2022-05-24T17:31:40.768 User logged in successfully
2022-05-24T17:31:40.770 email stavk@post.bgu.ac.il already exist
2022-05-24T17:31:40.770 SC - Registered referee didn't success
2022-05-24T17:31:40.779 DC - User connected successfully
2022-05-24T17:31:40.780 User logged in successfully
2022-05-24T17:31:40.780 SC - The current user danah has no permission
2022-05-24T17:31:40.783 DC - User connected successfully
2022-05-24T17:31:40.784 User logged in successfully
2022-05-24T17:31:40.785 email stavk@post.bgu.ac.il already exist
2022-05-24T17:31:40.785 SC - Registered referee didn't success
2022-05-24T17:31:57.932 DC - User connected successfully
2022-05-24T17:31:57.939 User logged in successfully
2022-05-24T17:31:57.941 email stavk@post.bgu.ac.il already exist
2022-05-24T17:31:57.942 SC - Registered referee didn't success
2022-05-24T17:31:57.950 DC - User connected successfully
2022-05-24T17:31:57.950 User logged in successfully
2022-05-24T17:31:57.950 SC - The current user danah has no permission
2022-05-24T17:31:57.954 DC - User connected successfully
2022-05-24T17:31:57.954 User logged in successfully
2022-05-24T17:31:57.955 email stavk@post.bgu.ac.il already exist
2022-05-24T17:31:57.955 SC - Registered referee didn't success
2022-05-24T17:32:49.644 DC - User connected successfully
2022-05-24T17:32:49.658 User logged in successfully
2022-05-24T17:32:49.670 email stavk@post.bgu.ac.il already exist
2022-05-24T17:32:49.671 SC - Registered referee didn't success
2022-05-24T17:32:49.704 DC - User connected successfully
2022-05-24T17:32:49.704 User logged in successfully
2022-05-24T17:32:49.705 SC - The current user danah has no permission
2022-05-24T17:32:49.710 DC - User connected successfully
2022-05-24T17:32:49.710 User logged in successfully
2022-05-24T17:32:49.712 email stavk@post.bgu.ac.il already exist
2022-05-24T17:32:49.713 SC - Registered referee didn't success
2022-05-24T17:32:50.101 DC - User connected successfully
2022-05-24T17:32:50.109 User logged in successfully
2022-05-24T17:32:50.113 email stavk@post.bgu.ac.il already exist
2022-05-24T17:32:50.113 SC - Registered referee didn't success
2022-05-24T17:32:50.124 DC - User connected successfully
2022-05-24T17:32:50.124 User logged in successfully
2022-05-24T17:32:50.125 SC - The current user danah has no permission
2022-05-24T17:32:50.129 DC - User connected successfully
2022-05-24T17:32:50.130 User logged in successfully
2022-05-24T17:32:50.131 email stavk@post.bgu.ac.il already exist
2022-05-24T17:32:50.131 SC - Registered referee didn't success
2022-05-24T17:32:56.204 DC - User connected successfully
2022-05-24T17:32:56.212 User logged in successfully
2022-05-24T17:32:56.214 email stavk@post.bgu.ac.il already exist
2022-05-24T17:32:56.214 SC - Registered referee didn't success
2022-05-24T17:32:56.226 DC - User connected successfully
2022-05-24T17:32:56.227 User logged in successfully
2022-05-24T17:32:56.227 SC - The current user danah has no permission
2022-05-24T17:32:56.232 DC - User connected successfully
2022-05-24T17:32:56.232 User logged in successfully
2022-05-24T17:32:56.234 email stavk@post.bgu.ac.il already exist
2022-05-24T17:32:56.234 SC - Registered referee didn't success
2022-05-24T17:33:15.701 DC - User connected successfully
2022-05-24T17:33:15.710 User logged in successfully
2022-05-24T17:33:15.712 email stavk@post.bgu.ac.il already exist
2022-05-24T17:33:15.713 SC - Registered referee didn't success
2022-05-24T17:33:15.722 DC - User connected successfully
2022-05-24T17:33:15.722 User logged in successfully
2022-05-24T17:33:15.722 SC - The current user danah has no permission
2022-05-24T17:33:15.727 DC - User connected successfully
2022-05-24T17:33:15.727 User logged in successfully
2022-05-24T17:33:15.729 email stavk@post.bgu.ac.il already exist
2022-05-24T17:33:15.729 SC - Registered referee didn't success
2022-05-24T17:33:22.058 DC - User connected successfully
2022-05-24T17:33:22.068 User logged in successfully
2022-05-24T17:33:22.069 email stavk@post.bgu.ac.il already exist
2022-05-24T17:33:22.070 SC - Registered referee didn't success
2022-05-24T17:33:38.990 DC - User connected successfully
2022-05-24T17:33:38.998 User logged in successfully
2022-05-24T17:33:39 email stavk@post.bgu.ac.il already exist
2022-05-24T17:33:39 SC - Registered referee didn't success
2022-05-24T17:33:55.448 DC - User connected successfully
2022-05-24T17:33:55.508 User logged in successfully
2022-05-24T17:37:56.054 DC - User connected successfully
2022-05-24T17:37:56.061 User logged in successfully
2022-05-24T17:37:56.063 email stavk@post.bgu.ac.il already exist
2022-05-24T17:37:56.063 SC - Registered referee didn't success
2022-05-24T17:38:25.214 DC - User connected successfully
2022-05-24T17:38:25.224 User logged in successfully
2022-05-24T17:38:25.226 email stavk@post.bgu.ac.il already exist
2022-05-24T17:38:25.227 SC - Registered referee didn't success
2022-05-24T17:38:44.597 email stavk@post.bgu.ac.il already exist
2022-05-24T17:38:44.598 SC - Registered referee didn't success
2022-05-24T17:39:08.393 DC - User connected successfully
2022-05-24T17:39:08.400 User logged in successfully
2022-05-24T17:39:08.402 email stavk@post.bgu.ac.il already exist
2022-05-24T17:39:08.402 SC - Registered referee didn't success
2022-05-24T17:39:44.681 DC - User connected successfully
2022-05-24T17:39:44.688 User logged in successfully
2022-05-24T17:39:44.690 email stavk@post.bgu.ac.il already exist
2022-05-24T17:39:44.690 SC - Registered referee didn't success
2022-05-24T17:40:30.496 DC - User connected successfully
2022-05-24T17:40:30.507 User logged in successfully
2022-05-24T17:40:30.510 email stavk@post.bgu.ac.il already exist
2022-05-24T17:40:30.511 SC - Registered referee didn't success
2022-05-24T17:42:00.581 DC - User connected successfully
2022-05-24T17:42:00.587 User logged in successfully
2022-05-24T17:42:00.589 email stavk@post.bgu.ac.il already exist
2022-05-24T17:42:00.589 SC - Registered referee didn't success
2022-05-24T17:42:27.771 DC - User connected successfully
2022-05-24T17:42:27.777 User logged in successfully
2022-05-24T17:42:27.783 DC - Mail with details sent to mail stavk@post.bgu.ac.il
2022-05-24T17:42:27.784 DC - Referee Stav Keidar registered successfully
2022-05-24T17:42:27.784 SC - Referee registered successfully
2022-05-24T17:42:27.801 DC - Game assigned successfully
2022-05-24T17:42:27.801 SC - Game placement successfully
2022-05-24T17:43:06.691 DC - username navitb not exist
2022-05-24T17:43:06.698 User logged in successfully
2022-05-24T17:43:06.699 SC - Login didn't success
2022-05-24T17:45:59.179 DC - username navitb not exist
2022-05-24T17:45:59.187 User logged in successfully
2022-05-24T17:45:59.187 SC - Login didn't success
2022-05-24T17:45:59.193 DC - username danah not exist
2022-05-24T17:45:59.193 User logged in successfully
2022-05-24T17:45:59.193 SC - Login didn't success
2022-05-24T17:48:36.331 DC - User connected successfully
2022-05-24T17:48:36.338 User logged in successfully
2022-05-24T17:48:36.343 DC - Mail with details sent to mail stavk@post.bgu.ac.il
2022-05-24T17:48:36.344 DC - Referee Stav Keidar registered successfully
2022-05-24T17:48:36.344 SC - Referee registered successfully
2022-05-24T17:48:36.357 DC - Game assigned successfully
2022-05-24T17:48:36.358 SC - Game placement successfully
2022-05-24T17:48:36.362 DC - User connected successfully
2022-05-24T17:48:36.362 User logged in successfully
2022-05-24T17:48:36.363 SC - The current user danah has no permission
2022-05-24T17:48:49.833 DC - User connected successfully
2022-05-24T17:48:49.841 User logged in successfully
2022-05-24T17:48:49.846 DC - Mail with details sent to mail stavk@post.bgu.ac.il
2022-05-24T17:48:49.847 DC - Referee Stav Keidar registered successfully
2022-05-24T17:48:49.847 SC - Referee registered successfully
2022-05-24T17:48:49.860 DC - Game assigned successfully
2022-05-24T17:48:49.861 SC - Game placement successfully
2022-05-24T17:48:49.865 DC - User connected successfully
2022-05-24T17:48:49.866 User logged in successfully
2022-05-24T17:48:49.867 SC - The current user danah has no permission
2022-05-24T17:48:49.869 DC - User connected successfully
2022-05-24T17:48:49.869 User logged in successfully
2022-05-24T17:48:49.871 email stavk@post.bgu.ac.il already exist
2022-05-24T17:48:49.871 SC - Registered referee didn't success
2022-05-24T17:48:49.874 DC - User connected successfully
2022-05-24T17:48:49.876 User logged in successfully
2022-05-24T17:48:49.881 SC - Game placement didn't success
2022-05-24T17:54:00.582 DC - User connected successfully
2022-05-24T17:54:00.589 User logged in successfully
2022-05-24T17:54:00.594 DC - Mail with details sent to mail stavk@post.bgu.ac.il
2022-05-24T17:54:00.595 DC - Referee Stav Keidar registered successfully
2022-05-24T17:54:00.595 SC - Referee registered successfully
2022-05-24T17:54:00.609 DC - Game assigned successfully
2022-05-24T17:54:00.609 SC - Game placement successfully
2022-05-24T17:54:00.613 DC - User connected successfully
2022-05-24T17:54:00.614 User logged in successfully
2022-05-24T17:54:00.614 SC - The current user danah has no permission
2022-05-24T17:54:00.617 DC - User connected successfully
2022-05-24T17:54:00.618 User logged in successfully
2022-05-24T17:54:00.619 email stavk@post.bgu.ac.il already exist
2022-05-24T17:54:00.619 SC - Registered referee didn't success
2022-05-24T17:54:00.622 DC - User connected successfully
2022-05-24T17:54:00.622 User logged in successfully
2022-05-24T17:54:00.628 SC - Game placement didn't success
2022-05-24T17:54:17.202 DC - User connected successfully
2022-05-24T17:54:17.209 User logged in successfully
2022-05-24T17:54:17.214 DC - Mail with details sent to mail stavk@post.bgu.ac.il
2022-05-24T17:54:17.214 DC - Referee Stav Keidar registered successfully
2022-05-24T17:54:17.214 SC - Referee registered successfully
2022-05-24T17:54:17.226 DC - Game assigned successfully
2022-05-24T17:54:17.227 SC - Game placement successfully
2022-05-24T17:54:17.231 DC - User connected successfully
2022-05-24T17:54:17.232 User logged in successfully
2022-05-24T17:54:17.232 SC - The current user danah has no permission
2022-05-24T17:54:17.236 DC - User connected successfully
2022-05-24T17:54:17.237 User logged in successfully
2022-05-24T17:54:17.238 email stavk@post.bgu.ac.il already exist
2022-05-24T17:54:17.239 SC - Registered referee didn't success
2022-05-24T17:54:17.241 DC - User connected successfully
2022-05-24T17:54:17.241 User logged in successfully
2022-05-24T17:54:17.248 SC - Game placement didn't success
2022-05-24T17:54:28.662 DC - User connected successfully
2022-05-24T17:54:28.669 User logged in successfully
2022-05-24T17:54:28.674 DC - Mail with details sent to mail stavk@post.bgu.ac.il
2022-05-24T17:54:28.674 DC - Referee Stav Keidar registered successfully
2022-05-24T17:54:28.675 SC - Referee registered successfully
2022-05-24T17:54:28.690 DC - Game assigned successfully
2022-05-24T17:54:28.690 SC - Game placement successfully
2022-05-24T17:54:28.695 DC - User connected successfully
2022-05-24T17:54:28.695 User logged in successfully
2022-05-24T17:54:28.695 SC - The current user danah has no permission
2022-05-24T17:54:28.699 DC - User connected successfully
2022-05-24T17:54:28.699 User logged in successfully
2022-05-24T17:54:28.701 email stavk@post.bgu.ac.il already exist
2022-05-24T17:54:28.701 SC - Registered referee didn't success
2022-05-24T17:54:28.705 DC - User connected successfully
2022-05-24T17:54:28.705 User logged in successfully
2022-05-24T17:54:28.712 SC - Game placement didn't success
2022-05-24T17:57:34.790 DC - User connected successfully
2022-05-24T17:57:34.798 User logged in successfully
2022-05-24T17:57:34.801 DC - Mail with details sent to mail stavk@post.bgu.ac.il
2022-05-24T17:57:34.802 DC - Referee Stav Keidar registered successfully
2022-05-24T17:57:34.802 SC - Referee registered successfully
2022-05-24T17:57:34.816 DC - Game assigned successfully
2022-05-24T17:57:34.816 SC - Game placement successfully
2022-05-24T17:57:34.819 DC - User connected successfully
2022-05-24T17:57:34.821 User logged in successfully
2022-05-24T17:57:34.821 email stavk@post.bgu.ac.il already exist
2022-05-24T17:57:34.821 SC - Registered referee didn't success
2022-05-24T17:57:34.826 DC - User connected successfully
2022-05-24T17:57:34.826 User logged in successfully
2022-05-24T17:57:34.831 SC - Game placement didn't success
2022-05-24T17:57:34.835 DC - User connected successfully
2022-05-24T17:57:34.835 User logged in successfully
2022-05-24T17:57:34.836 SC - The current user danah has no permission
2022-05-24T17:57:47.720 DC - User connected successfully
2022-05-24T17:57:47.727 User logged in successfully
2022-05-24T17:57:47.733 DC - Mail with details sent to mail stavk@post.bgu.ac.il
2022-05-24T17:57:47.734 DC - Referee Stav Keidar registered successfully
2022-05-24T17:57:47.734 SC - Referee registered successfully
2022-05-24T17:57:47.747 DC - Game assigned successfully
2022-05-24T17:57:47.749 SC - Game placement successfully
2022-05-24T17:57:47.752 DC - User connected successfully
2022-05-24T17:57:47.752 User logged in successfully
2022-05-24T17:57:47.754 email stavk@post.bgu.ac.il already exist
2022-05-24T17:57:47.754 SC - Registered referee didn't success
2022-05-24T17:57:47.757 DC - User connected successfully
2022-05-24T17:57:47.757 User logged in successfully
2022-05-24T17:57:47.764 SC - Game placement didn't success
2022-05-24T17:57:47.767 DC - User connected successfully
2022-05-24T17:57:47.767 User logged in successfully
2022-05-24T17:57:47.767 SC - The current user danah has no permission
2022-05-24T18:11:39.904 DC - User connected successfully
2022-05-24T18:11:39.911 User logged in successfully
2022-05-24T18:11:39.916 DC - Mail with details sent to mail stavk@post.bgu.ac.il
2022-05-24T18:11:39.916 DC - Referee Stav Keidar registered successfully
2022-05-24T18:11:39.916 SC - Referee registered successfully
2022-05-24T18:11:39.931 DC - Game assigned successfully
2022-05-24T18:11:39.931 SC - Game placement successfully
2022-05-24T18:11:39.936 DC - User connected successfully
2022-05-24T18:11:39.937 User logged in successfully
2022-05-24T18:11:39.943 SC - Game placement didn't success
2022-05-24T18:11:39.946 DC - User connected successfully
2022-05-24T18:11:39.947 User logged in successfully
2022-05-24T18:11:39.947 SC - The current user danah has no permission
2022-05-24T18:11:39.951 DC - User connected successfully
2022-05-24T18:11:39.951 User logged in successfully
2022-05-24T18:11:39.953 email stavk@post.bgu.ac.il already exist
2022-05-24T18:11:39.953 SC - Registered referee didn't success
2022-05-24T18:11:39.956 DC - User connected successfully
2022-05-24T18:11:39.957 User logged in successfully
2022-05-24T18:11:39.957 SC - The current user has no permission
2022-05-24T18:17:16.398 DC - User connected successfully
2022-05-24T18:17:16.405 User logged in successfully
2022-05-24T18:17:16.410 DC - Mail with details sent to mail stavk@post.bgu.ac.il
2022-05-24T18:17:16.410 DC - Referee Stav Keidar registered successfully
2022-05-24T18:17:16.410 SC - Referee registered successfully
2022-05-24T18:17:16.423 DC - Game assigned successfully
2022-05-24T18:17:16.424 SC - Game placement successfully
2022-05-24T18:17:16.429 DC - User connected successfully
2022-05-24T18:17:16.429 User logged in successfully
2022-05-24T18:17:16.437 SC - Game placement didn't success
2022-05-24T18:17:16.440 DC - User connected successfully
2022-05-24T18:17:16.440 User logged in successfully
2022-05-24T18:17:16.441 SC - The current user danah has no permission
2022-05-24T18:17:16.443 DC - username tamart not exist
2022-05-24T18:17:16.443 User logged in successfully
2022-05-24T18:17:16.443 SC - Login didn't success
2022-05-24T18:17:16.446 DC - User connected successfully
2022-05-24T18:17:16.446 User logged in successfully
2022-05-24T18:17:16.448 email stavk@post.bgu.ac.il already exist
2022-05-24T18:17:16.448 SC - Registered referee didn't success
2022-05-24T18:17:16.453 DC - User connected successfully
2022-05-24T18:17:16.453 User logged in successfully
2022-05-24T18:17:16.453 SC - The current user has no permission
2022-05-24T18:20:54.058 DC - User connected successfully
2022-05-24T18:20:54.067 User logged in successfully
2022-05-24T18:20:54.072 DC - Mail with details sent to mail stavk@post.bgu.ac.il
2022-05-24T18:20:54.073 DC - Referee Stav Keidar registered successfully
2022-05-24T18:20:54.073 SC - Referee registered successfully
2022-05-24T18:20:54.089 DC - Game assigned successfully
2022-05-24T18:20:54.089 SC - Game placement successfully
2022-05-24T18:20:54.093 DC - User connected successfully
2022-05-24T18:20:54.094 User logged in successfully
2022-05-24T18:20:54.100 SC - Game placement didn't success
2022-05-24T18:20:54.103 DC - User connected successfully
2022-05-24T18:20:54.103 User logged in successfully
2022-05-24T18:20:54.104 SC - The current user danah has no permission
2022-05-24T18:20:54.107 DC - user danah incorrect password
2022-05-24T18:20:54.107 User logged in successfully
2022-05-24T18:20:54.108 SC - Login didn't success
2022-05-24T18:20:54.109 DC - username tamart not exist
2022-05-24T18:20:54.110 User logged in successfully
2022-05-24T18:20:54.110 SC - Login didn't success
2022-05-24T18:20:54.113 DC - User connected successfully
2022-05-24T18:20:54.114 User logged in successfully
2022-05-24T18:20:54.115 email stavk@post.bgu.ac.il already exist
2022-05-24T18:20:54.115 SC - Registered referee didn't success
2022-05-24T18:20:54.118 DC - User connected successfully
2022-05-24T18:20:54.119 User logged in successfully
2022-05-24T18:20:54.119 SC - The current user has no permission
